<?xml version="1.0" encoding="UTF-8"?>
<!-- Generated by org.testng.reporters.JUnitReportReporter -->
<testsuite hostname="DESKTOP-53KINI6" failures="0" tests="1" name="extenreoport.Samiple_extenreoport" time="2.974" errors="0" timestamp="2024-05-02T15:33:53 IST" skipped="0">
  <testcase classname="extenreoport.Samiple_extenreoport" name="extreport" time="2.974"/>
  <system-out/>
</testsuite> <!-- extenreoport.Samiple_extenreoport -->
